#t01-> Deseja importar dados de 'DIARIAS' (ANOS->2011..2015) (MESES->all) do IFNMG ? (y/n) ou (s/n)
importing: /home/fabiano/devel/rails/meu-ifnmg/app/data/diarias/201101_Diarias.csv
importing: /home/fabiano/devel/rails/meu-ifnmg/app/data/diarias/201102_Diarias.csv
importing: /home/fabiano/devel/rails/meu-ifnmg/app/data/diarias/201103_Diarias.csv
importing: /home/fabiano/devel/rails/meu-ifnmg/app/data/diarias/201104_Diarias.csv
importing: /home/fabiano/devel/rails/meu-ifnmg/app/data/diarias/201105_Diarias.csv
importing: /home/fabiano/devel/rails/meu-ifnmg/app/data/diarias/201106_Diarias.csv
importing: /home/fabiano/devel/rails/meu-ifnmg/app/data/diarias/201107_Diarias.csv
importing: /home/fabiano/devel/rails/meu-ifnmg/app/data/diarias/201108_Diarias.csv
importing: /home/fabiano/devel/rails/meu-ifnmg/app/data/diarias/201109_Diarias.csv
importing: /home/fabiano/devel/rails/meu-ifnmg/app/data/diarias/201110_Diarias.csv
importing: /home/fabiano/devel/rails/meu-ifnmg/app/data/diarias/201111_Diarias.csv
importing: /home/fabiano/devel/rails/meu-ifnmg/app/data/diarias/201112_Diarias.csv
importing: /home/fabiano/devel/rails/meu-ifnmg/app/data/diarias/201201_Diarias.csv
importing: /home/fabiano/devel/rails/meu-ifnmg/app/data/diarias/201202_Diarias.csv
importing: /home/fabiano/devel/rails/meu-ifnmg/app/data/diarias/201203_Diarias.csv
importing: /home/fabiano/devel/rails/meu-ifnmg/app/data/diarias/201204_Diarias.csv
importing: /home/fabiano/devel/rails/meu-ifnmg/app/data/diarias/201205_Diarias.csv
importing: /home/fabiano/devel/rails/meu-ifnmg/app/data/diarias/201206_Diarias.csv
importing: /home/fabiano/devel/rails/meu-ifnmg/app/data/diarias/201207_Diarias.csv
importing: /home/fabiano/devel/rails/meu-ifnmg/app/data/diarias/201208_Diarias.csv
importing: /home/fabiano/devel/rails/meu-ifnmg/app/data/diarias/201209_Diarias.csv
importing: /home/fabiano/devel/rails/meu-ifnmg/app/data/diarias/201210_Diarias.csv
importing: /home/fabiano/devel/rails/meu-ifnmg/app/data/diarias/201211_Diarias.csv
importing: /home/fabiano/devel/rails/meu-ifnmg/app/data/diarias/201212_Diarias.csv
importing: /home/fabiano/devel/rails/meu-ifnmg/app/data/diarias/201301_Diarias.csv
importing: /home/fabiano/devel/rails/meu-ifnmg/app/data/diarias/201302_Diarias.csv
importing: /home/fabiano/devel/rails/meu-ifnmg/app/data/diarias/201303_Diarias.csv
importing: /home/fabiano/devel/rails/meu-ifnmg/app/data/diarias/201304_Diarias.csv
importing: /home/fabiano/devel/rails/meu-ifnmg/app/data/diarias/201305_Diarias.csv
importing: /home/fabiano/devel/rails/meu-ifnmg/app/data/diarias/201306_Diarias.csv
importing: /home/fabiano/devel/rails/meu-ifnmg/app/data/diarias/201307_Diarias.csv
importing: /home/fabiano/devel/rails/meu-ifnmg/app/data/diarias/201308_Diarias.csv
importing: /home/fabiano/devel/rails/meu-ifnmg/app/data/diarias/201309_Diarias.csv
importing: /home/fabiano/devel/rails/meu-ifnmg/app/data/diarias/201310_Diarias.csv
importing: /home/fabiano/devel/rails/meu-ifnmg/app/data/diarias/201311_Diarias.csv
importing: /home/fabiano/devel/rails/meu-ifnmg/app/data/diarias/201312_Diarias.csv
importing: /home/fabiano/devel/rails/meu-ifnmg/app/data/diarias/201401_Diarias.csv
importing: /home/fabiano/devel/rails/meu-ifnmg/app/data/diarias/201402_Diarias.csv
importing: /home/fabiano/devel/rails/meu-ifnmg/app/data/diarias/201403_Diarias.csv
importing: /home/fabiano/devel/rails/meu-ifnmg/app/data/diarias/201404_Diarias.csv
importing: /home/fabiano/devel/rails/meu-ifnmg/app/data/diarias/201405_Diarias.csv
importing: /home/fabiano/devel/rails/meu-ifnmg/app/data/diarias/201406_Diarias.csv
importing: /home/fabiano/devel/rails/meu-ifnmg/app/data/diarias/201407_Diarias.csv
importing: /home/fabiano/devel/rails/meu-ifnmg/app/data/diarias/201408_Diarias.csv
importing: /home/fabiano/devel/rails/meu-ifnmg/app/data/diarias/201409_Diarias.csv
importing: /home/fabiano/devel/rails/meu-ifnmg/app/data/diarias/201410_Diarias.csv
importing: /home/fabiano/devel/rails/meu-ifnmg/app/data/diarias/201411_Diarias.csv
importing: /home/fabiano/devel/rails/meu-ifnmg/app/data/diarias/201412_Diarias.csv
importing: /home/fabiano/devel/rails/meu-ifnmg/app/data/diarias/201501_Diarias.csv
importing: /home/fabiano/devel/rails/meu-ifnmg/app/data/diarias/201502_Diarias.csv
importing: /home/fabiano/devel/rails/meu-ifnmg/app/data/diarias/201503_Diarias.csv
importing: /home/fabiano/devel/rails/meu-ifnmg/app/data/diarias/201504_Diarias.csv
importing: /home/fabiano/devel/rails/meu-ifnmg/app/data/diarias/201505_Diarias.csv
importing: /home/fabiano/devel/rails/meu-ifnmg/app/data/diarias/201506_Diarias.csv
importing: /home/fabiano/devel/rails/meu-ifnmg/app/data/diarias/201507_Diarias.csv
importing: /home/fabiano/devel/rails/meu-ifnmg/app/data/diarias/201508_Diarias.csv
importing: /home/fabiano/devel/rails/meu-ifnmg/app/data/diarias/201509_Diarias.csv
importing: /home/fabiano/devel/rails/meu-ifnmg/app/data/diarias/201510_Diarias.csv
importing: /home/fabiano/devel/rails/meu-ifnmg/app/data/diarias/201511_Diarias.csv
importing: /home/fabiano/devel/rails/meu-ifnmg/app/data/diarias/201512_Diarias.csv
------------------------------- DataImport Report --------------------------------
CSV read options: {:headers=>true, :encoding=>"windows-1250", :col_sep=>"\t", :header_converters=>:symbol}
Arquivos:
   --> /home/fabiano/devel/rails/meu-ifnmg/app/data/diarias/201101_Diarias.csv: 12 registros
   --> /home/fabiano/devel/rails/meu-ifnmg/app/data/diarias/201102_Diarias.csv: 136 registros
   --> /home/fabiano/devel/rails/meu-ifnmg/app/data/diarias/201103_Diarias.csv: 90 registros
   --> /home/fabiano/devel/rails/meu-ifnmg/app/data/diarias/201104_Diarias.csv: 66 registros
   --> /home/fabiano/devel/rails/meu-ifnmg/app/data/diarias/201105_Diarias.csv: 162 registros
   --> /home/fabiano/devel/rails/meu-ifnmg/app/data/diarias/201106_Diarias.csv: 208 registros
   --> /home/fabiano/devel/rails/meu-ifnmg/app/data/diarias/201107_Diarias.csv: 164 registros
   --> /home/fabiano/devel/rails/meu-ifnmg/app/data/diarias/201108_Diarias.csv: 127 registros
   --> /home/fabiano/devel/rails/meu-ifnmg/app/data/diarias/201109_Diarias.csv: 130 registros
   --> /home/fabiano/devel/rails/meu-ifnmg/app/data/diarias/201110_Diarias.csv: 120 registros
   --> /home/fabiano/devel/rails/meu-ifnmg/app/data/diarias/201111_Diarias.csv: 170 registros
   --> /home/fabiano/devel/rails/meu-ifnmg/app/data/diarias/201112_Diarias.csv: 202 registros
   --> /home/fabiano/devel/rails/meu-ifnmg/app/data/diarias/201201_Diarias.csv: 95 registros
   --> /home/fabiano/devel/rails/meu-ifnmg/app/data/diarias/201202_Diarias.csv: 251 registros
   --> /home/fabiano/devel/rails/meu-ifnmg/app/data/diarias/201203_Diarias.csv: 177 registros
   --> /home/fabiano/devel/rails/meu-ifnmg/app/data/diarias/201204_Diarias.csv: 223 registros
   --> /home/fabiano/devel/rails/meu-ifnmg/app/data/diarias/201205_Diarias.csv: 307 registros
   --> /home/fabiano/devel/rails/meu-ifnmg/app/data/diarias/201206_Diarias.csv: 158 registros
   --> /home/fabiano/devel/rails/meu-ifnmg/app/data/diarias/201207_Diarias.csv: 144 registros
   --> /home/fabiano/devel/rails/meu-ifnmg/app/data/diarias/201208_Diarias.csv: 85 registros
   --> /home/fabiano/devel/rails/meu-ifnmg/app/data/diarias/201209_Diarias.csv: 108 registros
   --> /home/fabiano/devel/rails/meu-ifnmg/app/data/diarias/201210_Diarias.csv: 266 registros
   --> /home/fabiano/devel/rails/meu-ifnmg/app/data/diarias/201211_Diarias.csv: 200 registros
   --> /home/fabiano/devel/rails/meu-ifnmg/app/data/diarias/201212_Diarias.csv: 305 registros
   --> /home/fabiano/devel/rails/meu-ifnmg/app/data/diarias/201301_Diarias.csv: 35 registros
   --> /home/fabiano/devel/rails/meu-ifnmg/app/data/diarias/201302_Diarias.csv: 140 registros
   --> /home/fabiano/devel/rails/meu-ifnmg/app/data/diarias/201303_Diarias.csv: 199 registros
   --> /home/fabiano/devel/rails/meu-ifnmg/app/data/diarias/201304_Diarias.csv: 223 registros
   --> /home/fabiano/devel/rails/meu-ifnmg/app/data/diarias/201305_Diarias.csv: 283 registros
   --> /home/fabiano/devel/rails/meu-ifnmg/app/data/diarias/201306_Diarias.csv: 264 registros
   --> /home/fabiano/devel/rails/meu-ifnmg/app/data/diarias/201307_Diarias.csv: 200 registros
   --> /home/fabiano/devel/rails/meu-ifnmg/app/data/diarias/201308_Diarias.csv: 184 registros
   --> /home/fabiano/devel/rails/meu-ifnmg/app/data/diarias/201309_Diarias.csv: 228 registros
   --> /home/fabiano/devel/rails/meu-ifnmg/app/data/diarias/201310_Diarias.csv: 242 registros
   --> /home/fabiano/devel/rails/meu-ifnmg/app/data/diarias/201311_Diarias.csv: 283 registros
   --> /home/fabiano/devel/rails/meu-ifnmg/app/data/diarias/201312_Diarias.csv: 215 registros
   --> /home/fabiano/devel/rails/meu-ifnmg/app/data/diarias/201401_Diarias.csv: 33 registros
   --> /home/fabiano/devel/rails/meu-ifnmg/app/data/diarias/201402_Diarias.csv: 171 registros
   --> /home/fabiano/devel/rails/meu-ifnmg/app/data/diarias/201403_Diarias.csv: 181 registros
   --> /home/fabiano/devel/rails/meu-ifnmg/app/data/diarias/201404_Diarias.csv: 296 registros
   --> /home/fabiano/devel/rails/meu-ifnmg/app/data/diarias/201405_Diarias.csv: 363 registros
   --> /home/fabiano/devel/rails/meu-ifnmg/app/data/diarias/201406_Diarias.csv: 113 registros
   --> /home/fabiano/devel/rails/meu-ifnmg/app/data/diarias/201407_Diarias.csv: 155 registros
   --> /home/fabiano/devel/rails/meu-ifnmg/app/data/diarias/201408_Diarias.csv: 275 registros
   --> /home/fabiano/devel/rails/meu-ifnmg/app/data/diarias/201409_Diarias.csv: 287 registros
   --> /home/fabiano/devel/rails/meu-ifnmg/app/data/diarias/201410_Diarias.csv: 295 registros
   --> /home/fabiano/devel/rails/meu-ifnmg/app/data/diarias/201411_Diarias.csv: 350 registros
   --> /home/fabiano/devel/rails/meu-ifnmg/app/data/diarias/201412_Diarias.csv: 276 registros
   --> /home/fabiano/devel/rails/meu-ifnmg/app/data/diarias/201501_Diarias.csv: 40 registros
   --> /home/fabiano/devel/rails/meu-ifnmg/app/data/diarias/201502_Diarias.csv: 117 registros
   --> /home/fabiano/devel/rails/meu-ifnmg/app/data/diarias/201503_Diarias.csv: 215 registros
   --> /home/fabiano/devel/rails/meu-ifnmg/app/data/diarias/201504_Diarias.csv: 168 registros
   --> /home/fabiano/devel/rails/meu-ifnmg/app/data/diarias/201505_Diarias.csv: 345 registros
   --> /home/fabiano/devel/rails/meu-ifnmg/app/data/diarias/201506_Diarias.csv: 304 registros
   --> /home/fabiano/devel/rails/meu-ifnmg/app/data/diarias/201507_Diarias.csv: 235 registros
   --> /home/fabiano/devel/rails/meu-ifnmg/app/data/diarias/201508_Diarias.csv: 112 registros
   --> /home/fabiano/devel/rails/meu-ifnmg/app/data/diarias/201509_Diarias.csv: 221 registros
   --> /home/fabiano/devel/rails/meu-ifnmg/app/data/diarias/201510_Diarias.csv: 158 registros
   --> /home/fabiano/devel/rails/meu-ifnmg/app/data/diarias/201511_Diarias.csv: 251 registros
   --> /home/fabiano/devel/rails/meu-ifnmg/app/data/diarias/201512_Diarias.csv: 290 registros
Registros processados: 5560846
Registros importados.: 11653
------------------------------------- END ----------------------------------------
#t02-> Deseja importar dados de 'DIARIAS' (ANOS->2016) (MESES->1..3) do IFNMG ? (y/n) ou (s/n)
importing: /home/fabiano/devel/rails/meu-ifnmg/app/data/diarias/201601_Diarias.csv
importing: /home/fabiano/devel/rails/meu-ifnmg/app/data/diarias/201602_Diarias.csv
importing: /home/fabiano/devel/rails/meu-ifnmg/app/data/diarias/201603_Diarias.csv
------------------------------- DataImport Report --------------------------------
CSV read options: {:headers=>true, :encoding=>"windows-1250", :col_sep=>"\t", :header_converters=>:symbol}
Arquivos:
   --> /home/fabiano/devel/rails/meu-ifnmg/app/data/diarias/201601_Diarias.csv: 38 registros
   --> /home/fabiano/devel/rails/meu-ifnmg/app/data/diarias/201602_Diarias.csv: 93 registros
   --> /home/fabiano/devel/rails/meu-ifnmg/app/data/diarias/201603_Diarias.csv: 214 registros
Registros processados: 128074
Registros importados.: 345
------------------------------------- END ----------------------------------------
#t03-> Deseja importar dados de 'SERVIDORES' (ANOS->2013..2015) (MESES->all) do IFNMG ? (y/n) ou (s/n)
importing: /home/fabiano/devel/rails/meu-ifnmg/app/data/servidores/201301_Servidores/20130131_Cadastro.csv
importing: /home/fabiano/devel/rails/meu-ifnmg/app/data/servidores/201302_Servidores/20130228_Cadastro.csv
importing: /home/fabiano/devel/rails/meu-ifnmg/app/data/servidores/201303_Servidores/20130331_Cadastro.csv
importing: /home/fabiano/devel/rails/meu-ifnmg/app/data/servidores/201304_Servidores/20130430_Cadastro.csv
importing: /home/fabiano/devel/rails/meu-ifnmg/app/data/servidores/201305_Servidores/20130531_Cadastro.csv
importing: /home/fabiano/devel/rails/meu-ifnmg/app/data/servidores/201306_Servidores/20130630_Cadastro.csv
importing: /home/fabiano/devel/rails/meu-ifnmg/app/data/servidores/201307_Servidores/20130731_Cadastro.csv
importing: /home/fabiano/devel/rails/meu-ifnmg/app/data/servidores/201308_Servidores/20130831_Cadastro.csv
importing: /home/fabiano/devel/rails/meu-ifnmg/app/data/servidores/201309_Servidores/20130930_Cadastro.csv
importing: /home/fabiano/devel/rails/meu-ifnmg/app/data/servidores/201310_Servidores/20131031_Cadastro.csv
importing: /home/fabiano/devel/rails/meu-ifnmg/app/data/servidores/201311_Servidores/20131130_Cadastro.csv
importing: /home/fabiano/devel/rails/meu-ifnmg/app/data/servidores/201312_Servidores/20131231_Cadastro.csv
importing: /home/fabiano/devel/rails/meu-ifnmg/app/data/servidores/201401_Servidores/20140131_Cadastro.csv
importing: /home/fabiano/devel/rails/meu-ifnmg/app/data/servidores/201402_Servidores/20140228_Cadastro.csv
importing: /home/fabiano/devel/rails/meu-ifnmg/app/data/servidores/201403_Servidores/20140331_Cadastro.csv
importing: /home/fabiano/devel/rails/meu-ifnmg/app/data/servidores/201404_Servidores/20140430_Cadastro.csv
importing: /home/fabiano/devel/rails/meu-ifnmg/app/data/servidores/201405_Servidores/20140531_Cadastro.csv
importing: /home/fabiano/devel/rails/meu-ifnmg/app/data/servidores/201406_Servidores/20140630_Cadastro.csv
importing: /home/fabiano/devel/rails/meu-ifnmg/app/data/servidores/201407_Servidores/20140731_Cadastro.csv
importing: /home/fabiano/devel/rails/meu-ifnmg/app/data/servidores/201408_Servidores/20140831_Cadastro.csv
importing: /home/fabiano/devel/rails/meu-ifnmg/app/data/servidores/201409_Servidores/20140930_Cadastro.csv
importing: /home/fabiano/devel/rails/meu-ifnmg/app/data/servidores/201410_Servidores/20141031_Cadastro.csv
importing: /home/fabiano/devel/rails/meu-ifnmg/app/data/servidores/201411_Servidores/20141130_Cadastro.csv
importing: /home/fabiano/devel/rails/meu-ifnmg/app/data/servidores/201412_Servidores/20141231_Cadastro.csv
importing: /home/fabiano/devel/rails/meu-ifnmg/app/data/servidores/201501_Servidores/20150131_Cadastro.csv
importing: /home/fabiano/devel/rails/meu-ifnmg/app/data/servidores/201502_Servidores/20150228_Cadastro.csv
importing: /home/fabiano/devel/rails/meu-ifnmg/app/data/servidores/201503_Servidores/20150331_Cadastro.csv
importing: /home/fabiano/devel/rails/meu-ifnmg/app/data/servidores/201504_Servidores/20150430_Cadastro.csv
importing: /home/fabiano/devel/rails/meu-ifnmg/app/data/servidores/201505_Servidores/20150531_Cadastro.csv
importing: /home/fabiano/devel/rails/meu-ifnmg/app/data/servidores/201506_Servidores/20150630_Cadastro.csv
importing: /home/fabiano/devel/rails/meu-ifnmg/app/data/servidores/201507_Servidores/20150731_Cadastro.csv
importing: /home/fabiano/devel/rails/meu-ifnmg/app/data/servidores/201508_Servidores/20150831_Cadastro.csv
importing: /home/fabiano/devel/rails/meu-ifnmg/app/data/servidores/201509_Servidores/20150930_Cadastro.csv
importing: /home/fabiano/devel/rails/meu-ifnmg/app/data/servidores/201510_Servidores/20151031_Cadastro.csv
importing: /home/fabiano/devel/rails/meu-ifnmg/app/data/servidores/201511_Servidores/20151130_Cadastro.csv
importing: /home/fabiano/devel/rails/meu-ifnmg/app/data/servidores/201512_Servidores/20151231_Cadastro.csv
------------------------------- DataImport Report --------------------------------
CSV read options: {:headers=>true, :encoding=>"windows-1250", :col_sep=>"\t", :header_converters=>:symbol}
Arquivos:
   --> /home/fabiano/devel/rails/meu-ifnmg/app/data/servidores/201301_Servidores/20130131_Cadastro.csv: 863 registros
   --> /home/fabiano/devel/rails/meu-ifnmg/app/data/servidores/201302_Servidores/20130228_Cadastro.csv: 30 registros
   --> /home/fabiano/devel/rails/meu-ifnmg/app/data/servidores/201303_Servidores/20130331_Cadastro.csv: 21 registros
   --> /home/fabiano/devel/rails/meu-ifnmg/app/data/servidores/201304_Servidores/20130430_Cadastro.csv: 17 registros
   --> /home/fabiano/devel/rails/meu-ifnmg/app/data/servidores/201305_Servidores/20130531_Cadastro.csv: 17 registros
   --> /home/fabiano/devel/rails/meu-ifnmg/app/data/servidores/201306_Servidores/20130630_Cadastro.csv: 21 registros
   --> /home/fabiano/devel/rails/meu-ifnmg/app/data/servidores/201307_Servidores/20130731_Cadastro.csv: 21 registros
   --> /home/fabiano/devel/rails/meu-ifnmg/app/data/servidores/201308_Servidores/20130831_Cadastro.csv: 19 registros
   --> /home/fabiano/devel/rails/meu-ifnmg/app/data/servidores/201309_Servidores/20130930_Cadastro.csv: 44 registros
   --> /home/fabiano/devel/rails/meu-ifnmg/app/data/servidores/201310_Servidores/20131031_Cadastro.csv: 34 registros
   --> /home/fabiano/devel/rails/meu-ifnmg/app/data/servidores/201311_Servidores/20131130_Cadastro.csv: 36 registros
   --> /home/fabiano/devel/rails/meu-ifnmg/app/data/servidores/201312_Servidores/20131231_Cadastro.csv: 32 registros
   --> /home/fabiano/devel/rails/meu-ifnmg/app/data/servidores/201401_Servidores/20140131_Cadastro.csv: 20 registros
   --> /home/fabiano/devel/rails/meu-ifnmg/app/data/servidores/201402_Servidores/20140228_Cadastro.csv: 29 registros
   --> /home/fabiano/devel/rails/meu-ifnmg/app/data/servidores/201403_Servidores/20140331_Cadastro.csv: 32 registros
   --> /home/fabiano/devel/rails/meu-ifnmg/app/data/servidores/201404_Servidores/20140430_Cadastro.csv: 42 registros
   --> /home/fabiano/devel/rails/meu-ifnmg/app/data/servidores/201405_Servidores/20140531_Cadastro.csv: 46 registros
   --> /home/fabiano/devel/rails/meu-ifnmg/app/data/servidores/201406_Servidores/20140630_Cadastro.csv: 32 registros
   --> /home/fabiano/devel/rails/meu-ifnmg/app/data/servidores/201407_Servidores/20140731_Cadastro.csv: 29 registros
   --> /home/fabiano/devel/rails/meu-ifnmg/app/data/servidores/201408_Servidores/20140831_Cadastro.csv: 68 registros
   --> /home/fabiano/devel/rails/meu-ifnmg/app/data/servidores/201409_Servidores/20140930_Cadastro.csv: 66 registros
   --> /home/fabiano/devel/rails/meu-ifnmg/app/data/servidores/201410_Servidores/20141031_Cadastro.csv: 95 registros
   --> /home/fabiano/devel/rails/meu-ifnmg/app/data/servidores/201411_Servidores/20141130_Cadastro.csv: 49 registros
   --> /home/fabiano/devel/rails/meu-ifnmg/app/data/servidores/201412_Servidores/20141231_Cadastro.csv: 69 registros
   --> /home/fabiano/devel/rails/meu-ifnmg/app/data/servidores/201501_Servidores/20150131_Cadastro.csv: 50 registros
   --> /home/fabiano/devel/rails/meu-ifnmg/app/data/servidores/201502_Servidores/20150228_Cadastro.csv: 44 registros
   --> /home/fabiano/devel/rails/meu-ifnmg/app/data/servidores/201503_Servidores/20150331_Cadastro.csv: 57 registros
   --> /home/fabiano/devel/rails/meu-ifnmg/app/data/servidores/201504_Servidores/20150430_Cadastro.csv: 62 registros
   --> /home/fabiano/devel/rails/meu-ifnmg/app/data/servidores/201505_Servidores/20150531_Cadastro.csv: 45 registros
   --> /home/fabiano/devel/rails/meu-ifnmg/app/data/servidores/201506_Servidores/20150630_Cadastro.csv: 45 registros
   --> /home/fabiano/devel/rails/meu-ifnmg/app/data/servidores/201507_Servidores/20150731_Cadastro.csv: 41 registros
   --> /home/fabiano/devel/rails/meu-ifnmg/app/data/servidores/201508_Servidores/20150831_Cadastro.csv: 47 registros
   --> /home/fabiano/devel/rails/meu-ifnmg/app/data/servidores/201509_Servidores/20150930_Cadastro.csv: 53 registros
   --> /home/fabiano/devel/rails/meu-ifnmg/app/data/servidores/201510_Servidores/20151031_Cadastro.csv: 43 registros
   --> /home/fabiano/devel/rails/meu-ifnmg/app/data/servidores/201511_Servidores/20151130_Cadastro.csv: 125 registros
   --> /home/fabiano/devel/rails/meu-ifnmg/app/data/servidores/201512_Servidores/20151231_Cadastro.csv: 50 registros
Registros processados: 27356242
Registros importados.: 2394
------------------------------------- END ----------------------------------------
#t04-> Deseja importar dados de 'SERVIDORES' (ANOS->2016) (MESES->1..3) do IFNMG ? (y/n) ou (s/n)
importing: /home/fabiano/devel/rails/meu-ifnmg/app/data/servidores/201601_Servidores/20160131_Cadastro.csv
importing: /home/fabiano/devel/rails/meu-ifnmg/app/data/servidores/201602_Servidores/20160229_Cadastro.csv
importing: /home/fabiano/devel/rails/meu-ifnmg/app/data/servidores/201603_Servidores/20160331_Cadastro.csv
------------------------------- DataImport Report --------------------------------
CSV read options: {:headers=>true, :encoding=>"windows-1250", :col_sep=>"\t", :header_converters=>:symbol}
Arquivos:
   --> /home/fabiano/devel/rails/meu-ifnmg/app/data/servidores/201601_Servidores/20160131_Cadastro.csv: 47 registros
   --> /home/fabiano/devel/rails/meu-ifnmg/app/data/servidores/201602_Servidores/20160229_Cadastro.csv: 45 registros
   --> /home/fabiano/devel/rails/meu-ifnmg/app/data/servidores/201603_Servidores/20160331_Cadastro.csv: 53 registros
Registros processados: 2404223
Registros importados.: 145
------------------------------------- END ----------------------------------------
#t05-> Deseja importar dados de 'REMUNERACOES' (ANOS->2013..2015) (MESES->all) do IFNMG ? (y/n) ou (s/n)
importing: /home/fabiano/devel/rails/meu-ifnmg/app/data/servidores/201301_Servidores/20130131_Remuneracao.csv
Erro na leitrua do arquivo: /home/fabiano/devel/rails/meu-ifnmg/app/data/servidores/201301_Servidores/20130131_Remuneracao.csv - undefined method `gsub!' for nil:NilClass
importing: /home/fabiano/devel/rails/meu-ifnmg/app/data/servidores/201302_Servidores/20130228_Remuneracao.csv
Erro na leitrua do arquivo: /home/fabiano/devel/rails/meu-ifnmg/app/data/servidores/201302_Servidores/20130228_Remuneracao.csv - undefined method `gsub!' for nil:NilClass
importing: /home/fabiano/devel/rails/meu-ifnmg/app/data/servidores/201303_Servidores/20130331_Remuneracao.csv
Erro na leitrua do arquivo: /home/fabiano/devel/rails/meu-ifnmg/app/data/servidores/201303_Servidores/20130331_Remuneracao.csv - undefined method `gsub!' for nil:NilClass
importing: /home/fabiano/devel/rails/meu-ifnmg/app/data/servidores/201304_Servidores/20130430_Remuneracao.csv
Erro na leitrua do arquivo: /home/fabiano/devel/rails/meu-ifnmg/app/data/servidores/201304_Servidores/20130430_Remuneracao.csv - undefined method `gsub!' for nil:NilClass
importing: /home/fabiano/devel/rails/meu-ifnmg/app/data/servidores/201305_Servidores/20130531_Remuneracao.csv
importing: /home/fabiano/devel/rails/meu-ifnmg/app/data/servidores/201306_Servidores/20130630_Remuneracao.csv
importing: /home/fabiano/devel/rails/meu-ifnmg/app/data/servidores/201307_Servidores/20130731_Remuneracao.csv
importing: /home/fabiano/devel/rails/meu-ifnmg/app/data/servidores/201308_Servidores/20130831_Remuneracao.csv
importing: /home/fabiano/devel/rails/meu-ifnmg/app/data/servidores/201309_Servidores/20130930_Remuneracao.csv
importing: /home/fabiano/devel/rails/meu-ifnmg/app/data/servidores/201310_Servidores/20131031_Remuneracao.csv
importing: /home/fabiano/devel/rails/meu-ifnmg/app/data/servidores/201311_Servidores/20131130_Remuneracao.csv
importing: /home/fabiano/devel/rails/meu-ifnmg/app/data/servidores/201312_Servidores/20131231_Remuneracao.csv
importing: /home/fabiano/devel/rails/meu-ifnmg/app/data/servidores/201401_Servidores/20140131_Remuneracao.csv
importing: /home/fabiano/devel/rails/meu-ifnmg/app/data/servidores/201402_Servidores/20140228_Remuneracao.csv
importing: /home/fabiano/devel/rails/meu-ifnmg/app/data/servidores/201403_Servidores/20140331_Remuneracao.csv
importing: /home/fabiano/devel/rails/meu-ifnmg/app/data/servidores/201404_Servidores/20140430_Remuneracao.csv
importing: /home/fabiano/devel/rails/meu-ifnmg/app/data/servidores/201405_Servidores/20140531_Remuneracao.csv
importing: /home/fabiano/devel/rails/meu-ifnmg/app/data/servidores/201406_Servidores/20140630_Remuneracao.csv
importing: /home/fabiano/devel/rails/meu-ifnmg/app/data/servidores/201407_Servidores/20140731_Remuneracao.csv
importing: /home/fabiano/devel/rails/meu-ifnmg/app/data/servidores/201408_Servidores/20140831_Remuneracao.csv
importing: /home/fabiano/devel/rails/meu-ifnmg/app/data/servidores/201409_Servidores/20140930_Remuneracao.csv
importing: /home/fabiano/devel/rails/meu-ifnmg/app/data/servidores/201410_Servidores/20141031_Remuneracao.csv
importing: /home/fabiano/devel/rails/meu-ifnmg/app/data/servidores/201411_Servidores/20141130_Remuneracao.csv
importing: /home/fabiano/devel/rails/meu-ifnmg/app/data/servidores/201412_Servidores/20141231_Remuneracao.csv
importing: /home/fabiano/devel/rails/meu-ifnmg/app/data/servidores/201501_Servidores/20150131_Remuneracao.csv
importing: /home/fabiano/devel/rails/meu-ifnmg/app/data/servidores/201502_Servidores/20150228_Remuneracao.csv
importing: /home/fabiano/devel/rails/meu-ifnmg/app/data/servidores/201503_Servidores/20150331_Remuneracao.csv
importing: /home/fabiano/devel/rails/meu-ifnmg/app/data/servidores/201504_Servidores/20150430_Remuneracao.csv
importing: /home/fabiano/devel/rails/meu-ifnmg/app/data/servidores/201505_Servidores/20150531_Remuneracao.csv
importing: /home/fabiano/devel/rails/meu-ifnmg/app/data/servidores/201506_Servidores/20150630_Remuneracao.csv
importing: /home/fabiano/devel/rails/meu-ifnmg/app/data/servidores/201507_Servidores/20150731_Remuneracao.csv
importing: /home/fabiano/devel/rails/meu-ifnmg/app/data/servidores/201508_Servidores/20150831_Remuneracao.csv
importing: /home/fabiano/devel/rails/meu-ifnmg/app/data/servidores/201509_Servidores/20150930_Remuneracao.csv
importing: /home/fabiano/devel/rails/meu-ifnmg/app/data/servidores/201510_Servidores/20151031_Remuneracao.csv
importing: /home/fabiano/devel/rails/meu-ifnmg/app/data/servidores/201511_Servidores/20151130_Remuneracao.csv
importing: /home/fabiano/devel/rails/meu-ifnmg/app/data/servidores/201512_Servidores/20151231_Remuneracao.csv
------------------------------- DataImport Report --------------------------------
CSV read options: {:headers=>true, :encoding=>"windows-1250", :col_sep=>"\t", :header_converters=>:symbol}
Arquivos:
   --> /home/fabiano/devel/rails/meu-ifnmg/app/data/servidores/201301_Servidores/20130131_Remuneracao.csv: 0 registros
   --> /home/fabiano/devel/rails/meu-ifnmg/app/data/servidores/201302_Servidores/20130228_Remuneracao.csv: 0 registros
   --> /home/fabiano/devel/rails/meu-ifnmg/app/data/servidores/201303_Servidores/20130331_Remuneracao.csv: 0 registros
   --> /home/fabiano/devel/rails/meu-ifnmg/app/data/servidores/201304_Servidores/20130430_Remuneracao.csv: 0 registros
   --> /home/fabiano/devel/rails/meu-ifnmg/app/data/servidores/201305_Servidores/20130531_Remuneracao.csv: 946 registros
   --> /home/fabiano/devel/rails/meu-ifnmg/app/data/servidores/201306_Servidores/20130630_Remuneracao.csv: 951 registros
   --> /home/fabiano/devel/rails/meu-ifnmg/app/data/servidores/201307_Servidores/20130731_Remuneracao.csv: 955 registros
   --> /home/fabiano/devel/rails/meu-ifnmg/app/data/servidores/201308_Servidores/20130831_Remuneracao.csv: 958 registros
   --> /home/fabiano/devel/rails/meu-ifnmg/app/data/servidores/201309_Servidores/20130930_Remuneracao.csv: 981 registros
   --> /home/fabiano/devel/rails/meu-ifnmg/app/data/servidores/201310_Servidores/20131031_Remuneracao.csv: 996 registros
   --> /home/fabiano/devel/rails/meu-ifnmg/app/data/servidores/201311_Servidores/20131130_Remuneracao.csv: 1014 registros
   --> /home/fabiano/devel/rails/meu-ifnmg/app/data/servidores/201312_Servidores/20131231_Remuneracao.csv: 1029 registros
   --> /home/fabiano/devel/rails/meu-ifnmg/app/data/servidores/201401_Servidores/20140131_Remuneracao.csv: 1030 registros
   --> /home/fabiano/devel/rails/meu-ifnmg/app/data/servidores/201402_Servidores/20140228_Remuneracao.csv: 1036 registros
   --> /home/fabiano/devel/rails/meu-ifnmg/app/data/servidores/201403_Servidores/20140331_Remuneracao.csv: 1040 registros
   --> /home/fabiano/devel/rails/meu-ifnmg/app/data/servidores/201404_Servidores/20140430_Remuneracao.csv: 1051 registros
   --> /home/fabiano/devel/rails/meu-ifnmg/app/data/servidores/201405_Servidores/20140531_Remuneracao.csv: 1056 registros
   --> /home/fabiano/devel/rails/meu-ifnmg/app/data/servidores/201406_Servidores/20140630_Remuneracao.csv: 1056 registros
   --> /home/fabiano/devel/rails/meu-ifnmg/app/data/servidores/201407_Servidores/20140731_Remuneracao.csv: 1061 registros
   --> /home/fabiano/devel/rails/meu-ifnmg/app/data/servidores/201408_Servidores/20140831_Remuneracao.csv: 1093 registros
   --> /home/fabiano/devel/rails/meu-ifnmg/app/data/servidores/201409_Servidores/20140930_Remuneracao.csv: 1133 registros
   --> /home/fabiano/devel/rails/meu-ifnmg/app/data/servidores/201410_Servidores/20141031_Remuneracao.csv: 1198 registros
   --> /home/fabiano/devel/rails/meu-ifnmg/app/data/servidores/201411_Servidores/20141130_Remuneracao.csv: 1211 registros
   --> /home/fabiano/devel/rails/meu-ifnmg/app/data/servidores/201412_Servidores/20141231_Remuneracao.csv: 1237 registros
   --> /home/fabiano/devel/rails/meu-ifnmg/app/data/servidores/201501_Servidores/20150131_Remuneracao.csv: 1253 registros
   --> /home/fabiano/devel/rails/meu-ifnmg/app/data/servidores/201502_Servidores/20150228_Remuneracao.csv: 1253 registros
   --> /home/fabiano/devel/rails/meu-ifnmg/app/data/servidores/201503_Servidores/20150331_Remuneracao.csv: 1274 registros
   --> /home/fabiano/devel/rails/meu-ifnmg/app/data/servidores/201504_Servidores/20150430_Remuneracao.csv: 1287 registros
   --> /home/fabiano/devel/rails/meu-ifnmg/app/data/servidores/201505_Servidores/20150531_Remuneracao.csv: 1284 registros
   --> /home/fabiano/devel/rails/meu-ifnmg/app/data/servidores/201506_Servidores/20150630_Remuneracao.csv: 1280 registros
   --> /home/fabiano/devel/rails/meu-ifnmg/app/data/servidores/201507_Servidores/20150731_Remuneracao.csv: 1284 registros
   --> /home/fabiano/devel/rails/meu-ifnmg/app/data/servidores/201508_Servidores/20150831_Remuneracao.csv: 1286 registros
   --> /home/fabiano/devel/rails/meu-ifnmg/app/data/servidores/201509_Servidores/20150930_Remuneracao.csv: 1291 registros
   --> /home/fabiano/devel/rails/meu-ifnmg/app/data/servidores/201510_Servidores/20151031_Remuneracao.csv: 1260 registros
   --> /home/fabiano/devel/rails/meu-ifnmg/app/data/servidores/201511_Servidores/20151130_Remuneracao.csv: 1345 registros
   --> /home/fabiano/devel/rails/meu-ifnmg/app/data/servidores/201512_Servidores/20151231_Remuneracao.csv: 1343 registros
Registros processados: 18565280
Registros importados.: 36472
------------------------------------- END ----------------------------------------
#t06-> Deseja importar dados de 'REMUNERACOES' (ANOS->2016) (MESES->1..3) do IFNMG ? (y/n) ou (s/n)
importing: /home/fabiano/devel/rails/meu-ifnmg/app/data/servidores/201601_Servidores/20160131_Remuneracao.csv
importing: /home/fabiano/devel/rails/meu-ifnmg/app/data/servidores/201602_Servidores/20160229_Remuneracao.csv
importing: /home/fabiano/devel/rails/meu-ifnmg/app/data/servidores/201603_Servidores/20160331_Remuneracao.csv
------------------------------- DataImport Report --------------------------------
CSV read options: {:headers=>true, :encoding=>"windows-1250", :col_sep=>"\t", :header_converters=>:symbol}
Arquivos:
   --> /home/fabiano/devel/rails/meu-ifnmg/app/data/servidores/201601_Servidores/20160131_Remuneracao.csv: 1340 registros
   --> /home/fabiano/devel/rails/meu-ifnmg/app/data/servidores/201602_Servidores/20160229_Remuneracao.csv: 1331 registros
   --> /home/fabiano/devel/rails/meu-ifnmg/app/data/servidores/201603_Servidores/20160331_Remuneracao.csv: 1331 registros
Registros processados: 1768521
Registros importados.: 4002
------------------------------------- END ----------------------------------------
